<?xml version="1.0" encoding="UTF-8"?>
<testsuite xmlns:xsi="http://www.w3.org/2001/XMLSchema-instance" xsi:noNamespaceSchemaLocation="https://maven.apache.org/surefire/maven-surefire-plugin/xsd/surefire-test-report-3.0.xsd" version="3.0" name="com.example.ReactiveWebfluxDemoApplicationTests" time="6.09" tests="1" errors="0" skipped="0" failures="0">
  <properties>
[...]
</properties>
  <testcase name="contextLoads" classname="com.example.ReactiveWebfluxDemoApplicationTests" time="1.749">
    <system-out><![CDATA[01:11:24.404 [main] INFO org.springframework.test.context.support.AnnotationConfigContextLoaderUtils -- Could not detect default configuration classes for test class [com.example.ReactiveWebfluxDemoApplicationTests]: ReactiveWebfluxDemoApplicationTests does not declare any static, non-private, non-final, nested classes annotated with @Configuration.
01:11:24.610 [main] INFO org.springframework.boot.test.context.SpringBootTestContextBootstrapper -- Found @SpringBootConfiguration com.example.ReactiveWebfluxDemoApplication for test class com.example.ReactiveWebfluxDemoApplicationTests

  .   ____          _            __ _ _
 /\\ / ___'_ __ _ _(_)_ __  __ _ \ \ \ \
( ( )\___ | '_ | '_| | '_ \/ _` | \ \ \ \
 \\/  ___)| |_)| | | | | || (_| |  ) ) ) )
  '  |____| .__|_| |_|_| |_\__, | / / / /
 =========|_|==============|___/=/_/_/_/

 :: Spring Boot ::                (v3.3.5)

2025-10-29T01:11:25.761+05:30  INFO 25520 --- [           main] c.e.ReactiveWebfluxDemoApplicationTests  : Starting ReactiveWebfluxDemoApplicationTests using Java 23.0.2 with PID 25520 (started by hiten in C:\Users\hiten\OneDrive\Desktop\reactive-webflux-demo)
2025-10-29T01:11:25.770+05:30  INFO 25520 --- [           main] c.e.ReactiveWebfluxDemoApplicationTests  : No active profile set, falling back to 1 default profile: "default"
2025-10-29T01:11:28.367+05:30  INFO 25520 --- [           main] c.e.ReactiveWebfluxDemoApplicationTests  : Started ReactiveWebfluxDemoApplicationTests in 3.336 seconds (process running for 5.568)
]]></system-out>
    <system-err><![CDATA[WARNING: A Java agent has been loaded dynamically (C:\Users\hiten\.m2\repository\net\bytebuddy\byte-buddy-agent\1.14.19\byte-buddy-agent-1.14.19.jar)
WARNING: If a serviceability tool is in use, please run with -XX:+EnableDynamicAgentLoading to hide this warning
WARNING: If a serviceability tool is not in use, please run with -Djdk.instrument.traceUsage for more information
WARNING: Dynamic loading of agents will be disallowed by default in a future release
]]></system-err>
  </testcase>
</testsuite>